Traceback (most recent call last):
  File "/usr/share/miniconda/lib/python3.9/site-packages/jupyter_cache/executors/utils.py", line 51, in single_nb_execution
    executenb(
  File "/usr/share/miniconda/lib/python3.9/site-packages/nbclient/client.py", line 1204, in execute
    return NotebookClient(nb=nb, resources=resources, km=km, **kwargs).execute()
  File "/usr/share/miniconda/lib/python3.9/site-packages/nbclient/util.py", line 84, in wrapped
    return just_run(coro(*args, **kwargs))
  File "/usr/share/miniconda/lib/python3.9/site-packages/nbclient/util.py", line 62, in just_run
    return loop.run_until_complete(coro)
  File "/usr/share/miniconda/lib/python3.9/asyncio/base_events.py", line 647, in run_until_complete
    return future.result()
  File "/usr/share/miniconda/lib/python3.9/site-packages/nbclient/client.py", line 663, in async_execute
    await self.async_execute_cell(
  File "/usr/share/miniconda/lib/python3.9/site-packages/nbclient/client.py", line 965, in async_execute_cell
    await self._check_raise_for_error(cell, cell_index, exec_reply)
  File "/usr/share/miniconda/lib/python3.9/site-packages/nbclient/client.py", line 862, in _check_raise_for_error
    raise CellExecutionError.from_cell_and_msg(cell, exec_reply_content)
nbclient.exceptions.CellExecutionError: An error occurred while executing the following cell:
------------------
import time
import multiprocess as mp
from multiprocess import Pool
import pickle

import numpy as np
from numpy import exp, loadtxt, pi, sqrt, arange, interp

import matplotlib.pyplot as plt
from matplotlib.colors import LogNorm

from astropy.io import fits 
from astropy.nddata import StdDevUncertainty
import astropy.units as u
from astropy.visualization import make_lupton_rgb
from astropy.visualization import quantity_support
from astropy.modeling import models

from specutils import Spectrum1D

import lmfit
from lmfit import Model, Minimizer, Parameters
from lmfit.model import save_modelresult

------------------

[0;31m---------------------------------------------------------------------------[0m
[0;31mModuleNotFoundError[0m                       Traceback (most recent call last)
Input [0;32mIn [1][0m, in [0;36m<cell line: 2>[0;34m()[0m
[1;32m      1[0m [38;5;28;01mimport[39;00m [38;5;21;01mtime[39;00m
[0;32m----> 2[0m [38;5;28;01mimport[39;00m [38;5;21;01mmultiprocess[39;00m [38;5;28;01mas[39;00m [38;5;21;01mmp[39;00m
[1;32m      3[0m [38;5;28;01mfrom[39;00m [38;5;21;01mmultiprocess[39;00m [38;5;28;01mimport[39;00m Pool
[1;32m      4[0m [38;5;28;01mimport[39;00m [38;5;21;01mpickle[39;00m

[0;31mModuleNotFoundError[0m: No module named 'multiprocess'
ModuleNotFoundError: No module named 'multiprocess'

