Traceback (most recent call last):
  File "/usr/share/miniconda/lib/python3.9/site-packages/jupyter_cache/executors/utils.py", line 51, in single_nb_execution
    executenb(
  File "/usr/share/miniconda/lib/python3.9/site-packages/nbclient/client.py", line 1204, in execute
    return NotebookClient(nb=nb, resources=resources, km=km, **kwargs).execute()
  File "/usr/share/miniconda/lib/python3.9/site-packages/nbclient/util.py", line 84, in wrapped
    return just_run(coro(*args, **kwargs))
  File "/usr/share/miniconda/lib/python3.9/site-packages/nbclient/util.py", line 62, in just_run
    return loop.run_until_complete(coro)
  File "/usr/share/miniconda/lib/python3.9/asyncio/base_events.py", line 642, in run_until_complete
    return future.result()
  File "/usr/share/miniconda/lib/python3.9/site-packages/nbclient/client.py", line 663, in async_execute
    await self.async_execute_cell(
  File "/usr/share/miniconda/lib/python3.9/site-packages/nbclient/client.py", line 965, in async_execute_cell
    await self._check_raise_for_error(cell, cell_index, exec_reply)
  File "/usr/share/miniconda/lib/python3.9/site-packages/nbclient/client.py", line 862, in _check_raise_for_error
    raise CellExecutionError.from_cell_and_msg(cell, exec_reply_content)
nbclient.exceptions.CellExecutionError: An error occurred while executing the following cell:
------------------
fig, ax = plt.subplots(2, 3, sharex=True, sharey=True, figsize=(9.5, 6))
# For RA,Dec axes instead of pixels, add: , subplot_kw={'projection': imwcs})

# Color image
ax[0, 0].imshow(rgb, origin='lower')
ax[0, 0].set_title('Color Image')

# Data
norm = simple_norm(data, 'sqrt', percent=99.)
ax[0, 1].imshow(data, origin='lower', cmap='Greys_r', norm=norm)
ax[0, 1].set_title('Detection Image F200W')

# Segmentation map
cmap = segm_deblend.make_cmap(random_state=12345)
ax[0, 2].imshow(segm_deblend, origin='lower', cmap=cmap, interpolation='nearest')
ax[0, 2].set_title('Detections (Segmentation Image)')

# Weight
ax[1, 0].imshow(weight, origin='lower', cmap='Greys_r', vmin=0)
ax[1, 0].set_title('Weight Image F200W')

# RMS
ax[1, 1].imshow(bkg.background_rms, origin='lower', norm=None)
ax[1, 1].set_title('Background RMS')

# Total error including Poisson noise
norm = simple_norm(error, 'sqrt', percent=99.)
ax[1, 2].imshow(error, origin='lower', norm=norm)
ax[1, 2].set_title('RMS + Poisson noise')

fig.tight_layout()
------------------

[0;31m---------------------------------------------------------------------------[0m
[0;31mTypeError[0m                                 Traceback (most recent call last)
Input [0;32mIn [9][0m, in [0;36m<cell line: 14>[0;34m()[0m
[1;32m     11[0m ax[[38;5;241m0[39m, [38;5;241m1[39m][38;5;241m.[39mset_title([38;5;124m'[39m[38;5;124mDetection Image F200W[39m[38;5;124m'[39m)
[1;32m     13[0m [38;5;66;03m# Segmentation map[39;00m
[0;32m---> 14[0m cmap [38;5;241m=[39m [43msegm_deblend[49m[38;5;241;43m.[39;49m[43mmake_cmap[49m[43m([49m[43mrandom_state[49m[38;5;241;43m=[39;49m[38;5;241;43m12345[39;49m[43m)[49m
[1;32m     15[0m ax[[38;5;241m0[39m, [38;5;241m2[39m][38;5;241m.[39mimshow(segm_deblend, origin[38;5;241m=[39m[38;5;124m'[39m[38;5;124mlower[39m[38;5;124m'[39m, cmap[38;5;241m=[39mcmap, interpolation[38;5;241m=[39m[38;5;124m'[39m[38;5;124mnearest[39m[38;5;124m'[39m)
[1;32m     16[0m ax[[38;5;241m0[39m, [38;5;241m2[39m][38;5;241m.[39mset_title([38;5;124m'[39m[38;5;124mDetections (Segmentation Image)[39m[38;5;124m'[39m)

[0;31mTypeError[0m: make_cmap() got an unexpected keyword argument 'random_state'
TypeError: make_cmap() got an unexpected keyword argument 'random_state'

